<?xml version="1.0" encoding="UTF-8"?>
<!-- Generated by org.testng.reporters.JUnitReportReporter -->
<testsuite skipped="1" hostname="DESKTOP-11R3298" name="com.amazon.ae.testcases.SignInPageTest" tests="3" failures="0" timestamp="13 Mar 2020 20:46:35 GMT" time="28.397" errors="0">
  <testcase name="signInTest" time="15.994" classname="com.amazon.ae.testcases.SignInPageTest"/>
  <testcase name="signInpgTitleTest" time="12.403" classname="com.amazon.ae.testcases.SignInPageTest"/>
  <testcase name="signInpgLogoTest" classname="com.amazon.ae.testcases.SignInPageTest">
    <skipped/>
  </testcase> <!-- signInpgLogoTest -->
</testsuite> <!-- com.amazon.ae.testcases.SignInPageTest -->
