<?xml version="1.0" encoding="UTF-8"?>
<!-- Generated by org.testng.reporters.JUnitReportReporter -->
<testsuite skipped="2" hostname="DESKTOP-11R3298" name="com.amazon.ae.testcases.HomePageTest" tests="4" failures="0" timestamp="13 Mar 2020 21:00:26 GMT" time="35.225" errors="0">
  <testcase name="homePageTitleTest" time="16.688" classname="com.amazon.ae.testcases.HomePageTest"/>
  <testcase name="verifyBestSellersLinkTest" time="18.537" classname="com.amazon.ae.testcases.HomePageTest"/>
  <testcase name="verifySearchByText" classname="com.amazon.ae.testcases.HomePageTest">
    <skipped/>
  </testcase> <!-- verifySearchByText -->
  <testcase name="validateUserNameTextTest" classname="com.amazon.ae.testcases.HomePageTest">
    <skipped/>
  </testcase> <!-- validateUserNameTextTest -->
</testsuite> <!-- com.amazon.ae.testcases.HomePageTest -->
