<?xml version="1.0" encoding="UTF-8"?>
<!-- Generated by org.testng.reporters.JUnitReportReporter -->
<testsuite skipped="0" hostname="DESKTOP-11R3298" name="com.amazon.ae.testcases.BestSellersPageTest" tests="1" failures="0" timestamp="14 Mar 2020 20:10:12 GMT" time="19.262" errors="0">
  <testcase name="verifyBestSellersPageBannerText" time="19.262" classname="com.amazon.ae.testcases.BestSellersPageTest"/>
</testsuite> <!-- com.amazon.ae.testcases.BestSellersPageTest -->
